0 info it worked if it ends with ok
1 verbose cli [ 'node', '/Users/coco/.npm-packages/bin/npm', 'publish' ]
2 info using npm@2.11.3
3 info using node@v0.12.4
4 verbose publish [ '.' ]
5 silly cache add args [ '.', null ]
6 verbose cache add spec .
7 silly cache add parsed spec { raw: '.',
7 silly cache add   scope: null,
7 silly cache add   name: null,
7 silly cache add   rawSpec: '.',
7 silly cache add   spec: '/Users/coco/Desktop/workspace/nodecatclient',
7 silly cache add   type: 'directory' }
8 verbose addLocalDirectory /Users/coco/.npm/cat/1.0.0/package.tgz not in flight; packing
9 verbose tar pack [ '/Users/coco/.npm/cat/1.0.0/package.tgz',
9 verbose tar pack   '/Users/coco/Desktop/workspace/nodecatclient' ]
10 verbose tarball /Users/coco/.npm/cat/1.0.0/package.tgz
11 verbose folder /Users/coco/Desktop/workspace/nodecatclient
12 info prepublish cat@1.0.0
13 verbose addLocalTarball adding from inside cache /Users/coco/.npm/cat/1.0.0/package.tgz
14 silly cache afterAdd cat@1.0.0
15 verbose afterAdd /Users/coco/.npm/cat/1.0.0/package/package.json not in flight; writing
16 verbose afterAdd /Users/coco/.npm/cat/1.0.0/package/package.json written
17 silly publish { name: 'cat',
17 silly publish   version: '1.0.0',
17 silly publish   description: 'cat node client',
17 silly publish   main: 'cat.js',
17 silly publish   author: { name: 'stur' },
17 silly publish   license: 'ISC',
17 silly publish   apidoc: { title: 'cat node client document' },
17 silly publish   scripts:
17 silly publish    { test: 'jasmine-node --matchAll --captureExceptions test/spec/cat.singleentry.js',
17 silly publish      install: 'node-gyp rebuild' },
17 silly publish   dependencies: {},
17 silly publish   licenses: [ { type: 'MIT', url: '' } ],
17 silly publish   devDependencies:
17 silly publish    { morgan: '^1.6.1',
17 silly publish      'sprintf-js': '^1.0.3',
17 silly publish      express: '^4.13.3',
17 silly publish      'grunt-karma': '*',
17 silly publish      'karma-jasmine': '*',
17 silly publish      'karma-phantomjs-launcher': '*' },
17 silly publish   gypfile: true,
17 silly publish   readme: '# catnodeclient\n',
17 silly publish   readmeFilename: 'README.md',
17 silly publish   gitHead: '9be12cb0dc3282a6b8973267524f0026d2eb848e',
17 silly publish   _id: 'cat@1.0.0',
17 silly publish   _shasum: '42a4c6c981dc1e7c6522e6a56a47567cb221b5a6',
17 silly publish   _from: '.' }
18 verbose getPublishConfig undefined
19 silly mapToRegistry name cat
20 silly mapToRegistry using default registry
21 silly mapToRegistry registry https://registry.npm.taobao.org/
22 silly mapToRegistry uri https://registry.npm.taobao.org/cat
23 verbose publish registryBase https://registry.npm.taobao.org/
24 silly publish uploading /Users/coco/.npm/cat/1.0.0/package.tgz
25 verbose request uri https://registry.npm.taobao.org/cat
26 verbose request sending authorization for write operation
27 info attempt registry request try #1 at 14:31:50
28 verbose request id 9d078d23365dd43f
29 http request PUT https://registry.npm.taobao.org/cat
30 http 403 https://registry.npm.taobao.org/cat
31 verbose headers { server: 'nginx/1.1.19',
31 verbose headers   date: 'Fri, 28 Aug 2015 06:31:51 GMT',
31 verbose headers   'content-type': 'application/json; charset=utf-8',
31 verbose headers   'transfer-encoding': 'chunked',
31 verbose headers   connection: 'keep-alive',
31 verbose headers   'x-readtime': '9',
31 verbose headers   'content-encoding': 'gzip' }
32 verbose request invalidating /Users/coco/.npm/registry.npm.taobao.org/cat on PUT
33 error publish Failed PUT 403
34 verbose stack Error: no_perms Private mode enable, only admin can publish this module: cat
34 verbose stack     at CachingRegistryClient.<anonymous> (/Users/coco/.npm-packages/lib/node_modules/npm/node_modules/npm-registry-client/lib/request.js:247:14)
34 verbose stack     at /Users/coco/.npm-packages/lib/node_modules/npm/node_modules/npm-registry-client/lib/request.js:176:7
34 verbose stack     at Gunzip.onEnd (zlib.js:227:5)
34 verbose stack     at Gunzip.emit (events.js:129:20)
34 verbose stack     at _stream_readable.js:908:16
34 verbose stack     at process._tickCallback (node.js:355:11)
35 verbose statusCode 403
36 verbose pkgid cat
37 verbose cwd /Users/coco/Desktop/workspace/nodecatclient
38 error Darwin 14.5.0
39 error argv "node" "/Users/coco/.npm-packages/bin/npm" "publish"
40 error node v0.12.4
41 error npm  v2.11.3
42 error code E403
43 error no_perms Private mode enable, only admin can publish this module: cat
44 error If you need help, you may report this error at:
44 error     <https://github.com/npm/npm/issues>
45 verbose exit [ 1, true ]
